admin-app/app/build/intermediates/manifest_merge_blame_file/debug/processDebugMainManifest/manifest-merger-blame-debug-report.txt
1<?xml version="1.0" encoding="utf-8"?>
2<manifest xmlns:android="http://schemas.android.com/apk/res/android"
3    package="com.aboakbar.admin"
4    android:versionCode="1"
5    android:versionName="1.0" >
6
7    <uses-sdk
8        android:minSdkVersion="24"
9        android:targetSdkVersion="35" />
10
11    <uses-permission android:name="android.permission.INTERNET" />
11-->src\main\AndroidManifest.xml:4:5-67
11-->src\main\AndroidManifest.xml:4:22-64
12    <uses-permission android:name="android.permission.USE_BIOMETRIC" />
12-->src\main\AndroidManifest.xml:5:5-72
12-->src\main\AndroidManifest.xml:5:22-69
13    <uses-permission android:name="android.permission.POST_NOTIFICATIONS" />
13-->src\main\AndroidManifest.xml:6:5-77
13-->src\main\AndroidManifest.xml:6:22-74
14    <uses-permission android:name="android.permission.CAMERA" />
14-->src\main\AndroidManifest.xml:7:5-65
14-->src\main\AndroidManifest.xml:7:22-62
15    <uses-permission android:name="android.permission.RECORD_AUDIO" />
15-->src\main\AndroidManifest.xml:8:5-71
15-->src\main\AndroidManifest.xml:8:22-68
16    <uses-permission android:name="android.permission.ACCESS_FINE_LOCATION" />
16-->src\main\AndroidManifest.xml:9:5-79
16-->src\main\AndroidManifest.xml:9:22-76
17    <uses-permission android:name="android.permission.ACCESS_COARSE_LOCATION" />
17-->src\main\AndroidManifest.xml:10:5-81
17-->src\main\AndroidManifest.xml:10:22-78
18    <uses-permission android:name="android.permission.READ_EXTERNAL_STORAGE" />
18-->src\main\AndroidManifest.xml:11:5-80
18-->src\main\AndroidManifest.xml:11:22-77
19    <uses-permission android:name="android.permission.WRITE_EXTERNAL_STORAGE" />
19-->src\main\AndroidManifest.xml:12:5-81
19-->src\main\AndroidManifest.xml:12:22-78
20    <uses-permission android:name="android.permission.SYSTEM_ALERT_WINDOW" />
20-->src\main\AndroidManifest.xml:13:5-78
20-->src\main\AndroidManifest.xml:13:22-75
21    <uses-permission android:name="android.permission.RECEIVE_BOOT_COMPLETED" />
21-->src\main\AndroidManifest.xml:14:5-81
21-->src\main\AndroidManifest.xml:14:22-78
22
23    <queries>
23-->src\main\AndroidManifest.xml:16:5-38:15
24        <intent>
24-->src\main\AndroidManifest.xml:17:9-21:18
25            <action android:name="android.intent.action.VIEW" />
25-->src\main\AndroidManifest.xml:18:13-65
25-->src\main\AndroidManifest.xml:18:21-62
26
27            <category android:name="android.intent.category.BROWSABLE" />
27-->src\main\AndroidManifest.xml:19:13-74
27-->src\main\AndroidManifest.xml:19:23-71
28
29            <data android:scheme="http" />
29-->src\main\AndroidManifest.xml:20:13-43
29-->src\main\AndroidManifest.xml:20:19-40
30        </intent>
31        <intent>
31-->src\main\AndroidManifest.xml:22:9-26:18
32            <action android:name="android.intent.action.VIEW" />
32-->src\main\AndroidManifest.xml:18:13-65
32-->src\main\AndroidManifest.xml:18:21-62
33
34            <category android:name="android.intent.category.BROWSABLE" />
34-->src\main\AndroidManifest.xml:19:13-74
34-->src\main\AndroidManifest.xml:19:23-71
35
36            <data android:scheme="https" />
36-->src\main\AndroidManifest.xml:20:13-43
36-->src\main\AndroidManifest.xml:20:19-40
37        </intent>
38        <intent>
38-->src\main\AndroidManifest.xml:27:9-30:18
39            <action android:name="android.intent.action.VIEW" />
39-->src\main\AndroidManifest.xml:18:13-65
39-->src\main\AndroidManifest.xml:18:21-62
40
41            <data android:scheme="whatsapp" />
41-->src\main\AndroidManifest.xml:20:13-43
41-->src\main\AndroidManifest.xml:20:19-40
42        </intent>
43        <intent>
43-->src\main\AndroidManifest.xml:31:9-33:18
44            <action android:name="android.intent.action.DIAL" />
44-->src\main\AndroidManifest.xml:32:13-65
44-->src\main\AndroidManifest.xml:32:21-62
45        </intent>
46        <intent>
46-->src\main\AndroidManifest.xml:34:9-37:18
47            <action android:name="android.intent.action.VIEW" />
47-->src\main\AndroidManifest.xml:18:13-65
47-->src\main\AndroidManifest.xml:18:21-62
48
49            <data android:scheme="tel" />
49-->src\main\AndroidManifest.xml:20:13-43
49-->src\main\AndroidManifest.xml:20:19-40
50        </intent>
51    </queries>
52
53    <!-- suppress DeprecatedClassUsageInspection -->
54    <uses-permission android:name="android.permission.USE_FINGERPRINT" /> <!-- Create a unique permission for your app and use it so only your app can receive your OneSignal messages. -->
54-->[androidx.biometric:biometric:1.2.0-alpha05] AndroidManifest.xml:25:5-74
54-->[androidx.biometric:biometric:1.2.0-alpha05] AndroidManifest.xml:25:22-71
55    <permission
55-->[com.onesignal:notifications:5.9.4] AndroidManifest.xml:8:5-10:47
56        android:name="com.aboakbar.admin.permission.C2D_MESSAGE"
56-->[com.onesignal:notifications:5.9.4] AndroidManifest.xml:9:9-63
57        android:protectionLevel="signature" />
57-->[com.onesignal:notifications:5.9.4] AndroidManifest.xml:10:9-44
58
59    <uses-permission android:name="com.aboakbar.admin.permission.C2D_MESSAGE" /> <!-- Required, makes sure notifications are delivered on time. -->
59-->[com.onesignal:notifications:5.9.4] AndroidManifest.xml:12:5-79
59-->[com.onesignal:notifications:5.9.4] AndroidManifest.xml:12:22-76
60    <uses-permission android:name="android.permission.WAKE_LOCK" /> <!-- c2dm RECEIVE are basic requirements for push messages through Google's FCM -->
60-->[com.onesignal:notifications:5.9.4] AndroidManifest.xml:16:5-68
60-->[com.onesignal:notifications:5.9.4] AndroidManifest.xml:16:22-65
61    <uses-permission android:name="com.google.android.c2dm.permission.RECEIVE" />
61-->[com.onesignal:notifications:5.9.4] AndroidManifest.xml:17:5-82
61-->[com.onesignal:notifications:5.9.4] AndroidManifest.xml:17:22-79
62    <!--
63 Required so the device vibrates on receiving a push notification.
64         Vibration settings of the device still apply.
65    -->
66    <uses-permission android:name="android.permission.VIBRATE" /> <!-- START: ShortcutBadger -->
66-->[com.onesignal:notifications:5.9.4] AndroidManifest.xml:22:5-66
66-->[com.onesignal:notifications:5.9.4] AndroidManifest.xml:22:22-63
67    <!-- Samsung -->
68    <uses-permission android:name="com.sec.android.provider.badge.permission.READ" />
68-->[com.onesignal:notifications:5.9.4] AndroidManifest.xml:29:5-86
68-->[com.onesignal:notifications:5.9.4] AndroidManifest.xml:29:22-83
69    <uses-permission android:name="com.sec.android.provider.badge.permission.WRITE" /> <!-- HTC -->
69-->[com.onesignal:notifications:5.9.4] AndroidManifest.xml:30:5-87
69-->[com.onesignal:notifications:5.9.4] AndroidManifest.xml:30:22-84
70    <uses-permission android:name="com.htc.launcher.permission.READ_SETTINGS" />
70-->[com.onesignal:notifications:5.9.4] AndroidManifest.xml:31:5-81
70-->[com.onesignal:notifications:5.9.4] AndroidManifest.xml:31:22-78
71    <uses-permission android:name="com.htc.launcher.permission.UPDATE_SHORTCUT" /> <!-- Sony -->
71-->[com.onesignal:notifications:5.9.4] AndroidManifest.xml:32:5-83
71-->[com.onesignal:notifications:5.9.4] AndroidManifest.xml:32:22-80
72    <uses-permission android:name="com.sonyericsson.home.permission.BROADCAST_BADGE" />
72-->[com.onesignal:notifications:5.9.4] AndroidManifest.xml:33:5-88
72-->[com.onesignal:notifications:5.9.4] AndroidManifest.xml:33:22-85
73    <uses-permission android:name="com.sonymobile.home.permission.PROVIDER_INSERT_BADGE" /> <!-- Apex -->
73-->[com.onesignal:notifications:5.9.4] AndroidManifest.xml:34:5-92
73-->[com.onesignal:notifications:5.9.4] AndroidManifest.xml:34:22-89
74    <uses-permission android:name="com.anddoes.launcher.permission.UPDATE_COUNT" /> <!-- Solid -->
74-->[com.onesignal:notifications:5.9.4] AndroidManifest.xml:35:5-84
74-->[com.onesignal:notifications:5.9.4] AndroidManifest.xml:35:22-81
75    <uses-permission android:name="com.majeur.launcher.permission.UPDATE_BADGE" /> <!-- Huawei -->
75-->[com.onesignal:notifications:5.9.4] AndroidManifest.xml:36:5-83
75-->[com.onesignal:notifications:5.9.4] AndroidManifest.xml:36:22-80
76    <uses-permission android:name="com.huawei.android.launcher.permission.CHANGE_BADGE" />
76-->[com.onesignal:notifications:5.9.4] AndroidManifest.xml:37:5-91
76-->[com.onesignal:notifications:5.9.4] AndroidManifest.xml:37:22-88
77    <uses-permission android:name="com.huawei.android.launcher.permission.READ_SETTINGS" />
77-->[com.onesignal:notifications:5.9.4] AndroidManifest.xml:38:5-92
77-->[com.onesignal:notifications:5.9.4] AndroidManifest.xml:38:22-89
78    <uses-permission android:name="com.huawei.android.launcher.permission.WRITE_SETTINGS" /> <!-- ZUK -->
78-->[com.onesignal:notifications:5.9.4] AndroidManifest.xml:39:5-93
78-->[com.onesignal:notifications:5.9.4] AndroidManifest.xml:39:22-90
79    <uses-permission android:name="android.permission.READ_APP_BADGE" /> <!-- OPPO -->
79-->[com.onesignal:notifications:5.9.4] AndroidManifest.xml:40:5-73
79-->[com.onesignal:notifications:5.9.4] AndroidManifest.xml:40:22-70
80    <uses-permission android:name="com.oppo.launcher.permission.READ_SETTINGS" />
80-->[com.onesignal:notifications:5.9.4] AndroidManifest.xml:41:5-82
80-->[com.onesignal:notifications:5.9.4] AndroidManifest.xml:41:22-79
81    <uses-permission android:name="com.oppo.launcher.permission.WRITE_SETTINGS" /> <!-- EvMe -->
81-->[com.onesignal:notifications:5.9.4] AndroidManifest.xml:42:5-83
81-->[com.onesignal:notifications:5.9.4] AndroidManifest.xml:42:22-80
82    <uses-permission android:name="me.everything.badger.permission.BADGE_COUNT_READ" />
82-->[com.onesignal:notifications:5.9.4] AndroidManifest.xml:43:5-88
82-->[com.onesignal:notifications:5.9.4] AndroidManifest.xml:43:22-85
83    <uses-permission android:name="me.everything.badger.permission.BADGE_COUNT_WRITE" />
83-->[com.onesignal:notifications:5.9.4] AndroidManifest.xml:44:5-89
83-->[com.onesignal:notifications:5.9.4] AndroidManifest.xml:44:22-86
84    <uses-permission android:name="android.permission.ACCESS_NETWORK_STATE" />
84-->[com.onesignal:core:5.9.4] AndroidManifest.xml:12:5-79
84-->[com.onesignal:core:5.9.4] AndroidManifest.xml:12:22-76
85    <uses-permission android:name="android.permission.FOREGROUND_SERVICE" />
85-->[androidx.work:work-runtime:2.8.1] AndroidManifest.xml:26:5-77
85-->[androidx.work:work-runtime:2.8.1] AndroidManifest.xml:26:22-74
86
87    <permission
87-->[androidx.core:core:1.15.0] AndroidManifest.xml:22:5-24:47
88        android:name="com.aboakbar.admin.DYNAMIC_RECEIVER_NOT_EXPORTED_PERMISSION"
88-->[androidx.core:core:1.15.0] AndroidManifest.xml:23:9-81
89        android:protectionLevel="signature" />
89-->[androidx.core:core:1.15.0] AndroidManifest.xml:24:9-44
90
91    <uses-permission android:name="com.aboakbar.admin.DYNAMIC_RECEIVER_NOT_EXPORTED_PERMISSION" />
91-->[androidx.core:core:1.15.0] AndroidManifest.xml:26:5-97
91-->[androidx.core:core:1.15.0] AndroidManifest.xml:26:22-94
92
93    <application
93-->src\main\AndroidManifest.xml:40:5-74:19
94        android:allowBackup="false"
94-->src\main\AndroidManifest.xml:41:9-36
95        android:appComponentFactory="androidx.core.app.CoreComponentFactory"
95-->[androidx.core:core:1.15.0] AndroidManifest.xml:28:18-86
96        android:debuggable="true"
97        android:extractNativeLibs="false"
98        android:hardwareAccelerated="true"
98-->src\main\AndroidManifest.xml:45:9-43
99        android:label="@string/app_name"
99-->src\main\AndroidManifest.xml:42:9-41
100        android:supportsRtl="true"
100-->src\main\AndroidManifest.xml:43:9-35
101        android:theme="@style/Theme.AboAkbarAdmin" >
101-->src\main\AndroidManifest.xml:44:9-51
102        <activity
102-->src\main\AndroidManifest.xml:46:9-55:20
103            android:name="com.aboakbar.admin.MainActivity"
103-->src\main\AndroidManifest.xml:47:13-59
104            android:configChanges="orientation|screenSize|keyboardHidden"
104-->src\main\AndroidManifest.xml:50:13-74
105            android:exported="true"
105-->src\main\AndroidManifest.xml:48:13-36
106            android:windowSoftInputMode="adjustResize" >
106-->src\main\AndroidManifest.xml:49:13-55
107            <intent-filter>
107-->src\main\AndroidManifest.xml:51:13-54:29
108                <action android:name="android.intent.action.MAIN" />
108-->src\main\AndroidManifest.xml:52:17-69
108-->src\main\AndroidManifest.xml:52:25-66
109
110                <category android:name="android.intent.category.LAUNCHER" />
110-->src\main\AndroidManifest.xml:53:17-77
110-->src\main\AndroidManifest.xml:53:27-74
111            </intent-filter>
112        </activity>
113        <activity
113-->src\main\AndroidManifest.xml:57:9-63:40
114            android:name="com.aboakbar.admin.OrderAlertActivity"
114-->src\main\AndroidManifest.xml:58:13-65
115            android:excludeFromRecents="true"
115-->src\main\AndroidManifest.xml:60:13-46
116            android:exported="false"
116-->src\main\AndroidManifest.xml:63:13-37
117            android:launchMode="singleInstance"
117-->src\main\AndroidManifest.xml:61:13-48
118            android:showOnLockScreen="true"
118-->src\main\AndroidManifest.xml:62:13-44
119            android:theme="@style/Theme.AppCompat.Dialog" />
119-->src\main\AndroidManifest.xml:59:13-58
120
121        <receiver
121-->src\main\AndroidManifest.xml:65:9-73:20
122            android:name="com.aboakbar.admin.OrderPollingReceiver"
122-->src\main\AndroidManifest.xml:66:13-67
123            android:enabled="true"
123-->src\main\AndroidManifest.xml:67:13-35
124            android:exported="true" >
124-->src\main\AndroidManifest.xml:68:13-36
125            <intent-filter>
125-->src\main\AndroidManifest.xml:69:13-72:29
126                <action android:name="android.intent.action.BOOT_COMPLETED" />
126-->src\main\AndroidManifest.xml:70:17-79
126-->src\main\AndroidManifest.xml:70:25-76
127                <action android:name="android.intent.action.QUICKBOOT_POWERON" />
127-->src\main\AndroidManifest.xml:71:17-82
127-->src\main\AndroidManifest.xml:71:25-79
128            </intent-filter>
129        </receiver>
130        <receiver
130-->[com.onesignal:notifications:5.9.4] AndroidManifest.xml:47:9-58:20
131            android:name="com.onesignal.notifications.receivers.FCMBroadcastReceiver"
131-->[com.onesignal:notifications:5.9.4] AndroidManifest.xml:48:13-86
132            android:exported="true"
132-->[com.onesignal:notifications:5.9.4] AndroidManifest.xml:49:13-36
133            android:permission="com.google.android.c2dm.permission.SEND" >
133-->[com.onesignal:notifications:5.9.4] AndroidManifest.xml:50:13-73
134
135            <!-- High priority so OneSignal payloads can be filtered from other FCM receivers -->
136            <intent-filter android:priority="999" >
136-->[com.onesignal:notifications:5.9.4] AndroidManifest.xml:53:13-57:29
136-->[com.onesignal:notifications:5.9.4] AndroidManifest.xml:53:28-50
137                <action android:name="com.google.android.c2dm.intent.RECEIVE" />
137-->[com.onesignal:notifications:5.9.4] AndroidManifest.xml:54:17-81
137-->[com.onesignal:notifications:5.9.4] AndroidManifest.xml:54:25-78
138
139                <category android:name="com.aboakbar.admin" />
139-->[com.onesignal:notifications:5.9.4] AndroidManifest.xml:56:17-61
139-->[com.onesignal:notifications:5.9.4] AndroidManifest.xml:56:27-58
140            </intent-filter>
141        </receiver>
142
143        <service
143-->[com.onesignal:notifications:5.9.4] AndroidManifest.xml:60:9-66:19
144            android:name="com.onesignal.notifications.services.HmsMessageServiceOneSignal"
144-->[com.onesignal:notifications:5.9.4] AndroidManifest.xml:61:13-91
145            android:exported="false" >
145-->[com.onesignal:notifications:5.9.4] AndroidManifest.xml:62:13-37
146            <intent-filter>
146-->[com.onesignal:notifications:5.9.4] AndroidManifest.xml:63:13-65:29
147                <action android:name="com.huawei.push.action.MESSAGING_EVENT" />
147-->[com.onesignal:notifications:5.9.4] AndroidManifest.xml:64:17-81
147-->[com.onesignal:notifications:5.9.4] AndroidManifest.xml:64:25-78
148            </intent-filter>
149        </service> <!-- CAUTION: OneSignal backend includes the activity name in the payload, modifying the name without sync may result in notification click not firing -->
150        <activity
150-->[com.onesignal:notifications:5.9.4] AndroidManifest.xml:67:9-75:20
151            android:name="com.onesignal.NotificationOpenedActivityHMS"
151-->[com.onesignal:notifications:5.9.4] AndroidManifest.xml:68:13-71
152            android:exported="true"
152-->[com.onesignal:notifications:5.9.4] AndroidManifest.xml:69:13-36
153            android:noHistory="true"
153-->[com.onesignal:notifications:5.9.4] AndroidManifest.xml:70:13-37
154            android:theme="@android:style/Theme.Translucent.NoTitleBar" >
154-->[com.onesignal:notifications:5.9.4] AndroidManifest.xml:71:13-72
155            <intent-filter>
155-->[com.onesignal:notifications:5.9.4] AndroidManifest.xml:72:13-74:29
156                <action android:name="android.intent.action.VIEW" />
156-->src\main\AndroidManifest.xml:18:13-65
156-->src\main\AndroidManifest.xml:18:21-62
157            </intent-filter>
158        </activity>
159
160        <receiver
160-->[com.onesignal:notifications:5.9.4] AndroidManifest.xml:77:9-79:39
161            android:name="com.onesignal.notifications.receivers.NotificationDismissReceiver"
161-->[com.onesignal:notifications:5.9.4] AndroidManifest.xml:78:13-93
162            android:exported="true" />
162-->[com.onesignal:notifications:5.9.4] AndroidManifest.xml:79:13-36
163        <receiver
163-->[com.onesignal:notifications:5.9.4] AndroidManifest.xml:80:9-87:20
164            android:name="com.onesignal.notifications.receivers.BootUpReceiver"
164-->[com.onesignal:notifications:5.9.4] AndroidManifest.xml:81:13-80
165            android:exported="true" >
165-->[com.onesignal:notifications:5.9.4] AndroidManifest.xml:82:13-36
166            <intent-filter>
166-->src\main\AndroidManifest.xml:69:13-72:29
167                <action android:name="android.intent.action.BOOT_COMPLETED" />
167-->src\main\AndroidManifest.xml:70:17-79
167-->src\main\AndroidManifest.xml:70:25-76
168                <action android:name="android.intent.action.QUICKBOOT_POWERON" />
168-->src\main\AndroidManifest.xml:71:17-82
168-->src\main\AndroidManifest.xml:71:25-79
169            </intent-filter>
170        </receiver>
171        <receiver
171-->[com.onesignal:notifications:5.9.4] AndroidManifest.xml:88:9-94:20
172            android:name="com.onesignal.notifications.receivers.UpgradeReceiver"
172-->[com.onesignal:notifications:5.9.4] AndroidManifest.xml:89:13-81
173            android:exported="true" >
173-->[com.onesignal:notifications:5.9.4] AndroidManifest.xml:90:13-36
174            <intent-filter>
174-->[com.onesignal:notifications:5.9.4] AndroidManifest.xml:91:13-93:29
175                <action android:name="android.intent.action.MY_PACKAGE_REPLACED" />
175-->[com.onesignal:notifications:5.9.4] AndroidManifest.xml:92:17-84
175-->[com.onesignal:notifications:5.9.4] AndroidManifest.xml:92:25-81
176            </intent-filter>
177        </receiver>
178
179        <activity
179-->[com.onesignal:notifications:5.9.4] AndroidManifest.xml:96:9-102:75
180            android:name="com.onesignal.notifications.activities.NotificationOpenedActivity"
180-->[com.onesignal:notifications:5.9.4] AndroidManifest.xml:97:13-93
181            android:excludeFromRecents="true"
181-->[com.onesignal:notifications:5.9.4] AndroidManifest.xml:98:13-46
182            android:exported="true"
182-->[com.onesignal:notifications:5.9.4] AndroidManifest.xml:99:13-36
183            android:noHistory="true"
183-->[com.onesignal:notifications:5.9.4] AndroidManifest.xml:100:13-37
184            android:taskAffinity=""
184-->[com.onesignal:notifications:5.9.4] AndroidManifest.xml:101:13-36
185            android:theme="@android:style/Theme.Translucent.NoTitleBar" />
185-->[com.onesignal:notifications:5.9.4] AndroidManifest.xml:102:13-72
186        <activity
186-->[com.onesignal:notifications:5.9.4] AndroidManifest.xml:103:9-108:75
187            android:name="com.onesignal.notifications.activities.NotificationOpenedActivityAndroid22AndOlder"
187-->[com.onesignal:notifications:5.9.4] AndroidManifest.xml:104:13-110
188            android:excludeFromRecents="true"
188-->[com.onesignal:notifications:5.9.4] AndroidManifest.xml:105:13-46
189            android:exported="true"
189-->[com.onesignal:notifications:5.9.4] AndroidManifest.xml:106:13-36
190            android:noHistory="true"
190-->[com.onesignal:notifications:5.9.4] AndroidManifest.xml:107:13-37
191            android:theme="@android:style/Theme.Translucent.NoTitleBar" />
191-->[com.onesignal:notifications:5.9.4] AndroidManifest.xml:108:13-72
192
193        <service
193-->[com.onesignal:core:5.9.4] AndroidManifest.xml:16:9-19:72
194            android:name="com.onesignal.core.services.SyncJobService"
194-->[com.onesignal:core:5.9.4] AndroidManifest.xml:17:13-70
195            android:exported="false"
195-->[com.onesignal:core:5.9.4] AndroidManifest.xml:18:13-37
196            android:permission="android.permission.BIND_JOB_SERVICE" /> <!-- Temporary shim for old OneSignal v4 jobs pointing to com.onesignal.SyncJobService -->
196-->[com.onesignal:core:5.9.4] AndroidManifest.xml:19:13-69
197        <service
197-->[com.onesignal:core:5.9.4] AndroidManifest.xml:22:9-26:19
198            android:name="com.onesignal.SyncJobService"
198-->[com.onesignal:core:5.9.4] AndroidManifest.xml:23:13-56
199            android:exported="false"
199-->[com.onesignal:core:5.9.4] AndroidManifest.xml:24:13-37
200            android:permission="android.permission.BIND_JOB_SERVICE" >
200-->[com.onesignal:core:5.9.4] AndroidManifest.xml:25:13-69
201        </service>
202
203        <activity
203-->[com.onesignal:core:5.9.4] AndroidManifest.xml:28:9-31:75
204            android:name="com.onesignal.core.activities.PermissionsActivity"
204-->[com.onesignal:core:5.9.4] AndroidManifest.xml:29:13-77
205            android:exported="false"
205-->[com.onesignal:core:5.9.4] AndroidManifest.xml:30:13-37
206            android:theme="@android:style/Theme.Translucent.NoTitleBar" />
206-->[com.onesignal:core:5.9.4] AndroidManifest.xml:31:13-72
207        <!--
208             Observe the activity lifecycle from process start so late SDK init (wrapper SDKs)
209             still sees the first activity's full lifecycle. Merges into the app's androidx.startup
210             provider; hosts that disable it fall back to lifecycle registration at init time.
211        -->
212        <provider
212-->[com.onesignal:core:5.9.4] AndroidManifest.xml:38:9-46:20
213            android:name="androidx.startup.InitializationProvider"
213-->[com.onesignal:core:5.9.4] AndroidManifest.xml:39:13-67
214            android:authorities="com.aboakbar.admin.androidx-startup"
214-->[com.onesignal:core:5.9.4] AndroidManifest.xml:40:13-68
215            android:exported="false" >
215-->[com.onesignal:core:5.9.4] AndroidManifest.xml:41:13-37
216            <meta-data
216-->[com.onesignal:core:5.9.4] AndroidManifest.xml:43:13-45:52
217                android:name="com.onesignal.core.internal.application.impl.ActivityLifecycleInitializer"
217-->[com.onesignal:core:5.9.4] AndroidManifest.xml:44:17-105
218                android:value="androidx.startup" />
218-->[com.onesignal:core:5.9.4] AndroidManifest.xml:45:17-49
219            <meta-data
219-->[androidx.emoji2:emoji2:1.2.0] AndroidManifest.xml:29:13-31:52
220                android:name="androidx.emoji2.text.EmojiCompatInitializer"
220-->[androidx.emoji2:emoji2:1.2.0] AndroidManifest.xml:30:17-75
221                android:value="androidx.startup" />
221-->[androidx.emoji2:emoji2:1.2.0] AndroidManifest.xml:31:17-49
222            <meta-data
222-->[androidx.work:work-runtime:2.8.1] AndroidManifest.xml:34:13-36:52
223                android:name="androidx.work.WorkManagerInitializer"
223-->[androidx.work:work-runtime:2.8.1] AndroidManifest.xml:35:17-68
224                android:value="androidx.startup" />
224-->[androidx.work:work-runtime:2.8.1] AndroidManifest.xml:36:17-49
225            <meta-data
225-->[androidx.lifecycle:lifecycle-process:2.6.2] AndroidManifest.xml:29:13-31:52
226                android:name="androidx.lifecycle.ProcessLifecycleInitializer"
226-->[androidx.lifecycle:lifecycle-process:2.6.2] AndroidManifest.xml:30:17-78
227                android:value="androidx.startup" />
227-->[androidx.lifecycle:lifecycle-process:2.6.2] AndroidManifest.xml:31:17-49
228            <meta-data
228-->[com.squareup.okhttp3:okhttp-android:5.2.1] AndroidManifest.xml:16:13-18:52
229                android:name="okhttp3.internal.platform.PlatformInitializer"
229-->[com.squareup.okhttp3:okhttp-android:5.2.1] AndroidManifest.xml:17:17-77
230                android:value="androidx.startup" />
230-->[com.squareup.okhttp3:okhttp-android:5.2.1] AndroidManifest.xml:18:17-49
231            <meta-data
231-->[androidx.profileinstaller:profileinstaller:1.3.0] AndroidManifest.xml:29:13-31:52
232                android:name="androidx.profileinstaller.ProfileInstallerInitializer"
232-->[androidx.profileinstaller:profileinstaller:1.3.0] AndroidManifest.xml:30:17-85
233                android:value="androidx.startup" />
233-->[androidx.profileinstaller:profileinstaller:1.3.0] AndroidManifest.xml:31:17-49
234        </provider>
235
236        <receiver
236-->[com.google.firebase:firebase-messaging:24.0.0] AndroidManifest.xml:29:9-40:20
237            android:name="com.google.firebase.iid.FirebaseInstanceIdReceiver"
237-->[com.google.firebase:firebase-messaging:24.0.0] AndroidManifest.xml:30:13-78
238            android:exported="true"
238-->[com.google.firebase:firebase-messaging:24.0.0] AndroidManifest.xml:31:13-36
239            android:permission="com.google.android.c2dm.permission.SEND" >
239-->[com.google.firebase:firebase-messaging:24.0.0] AndroidManifest.xml:32:13-73
240            <intent-filter>
240-->[com.google.firebase:firebase-messaging:24.0.0] AndroidManifest.xml:33:13-35:29
241                <action android:name="com.google.android.c2dm.intent.RECEIVE" />
241-->[com.onesignal:notifications:5.9.4] AndroidManifest.xml:54:17-81
241-->[com.onesignal:notifications:5.9.4] AndroidManifest.xml:54:25-78
242            </intent-filter>
243
244            <meta-data
244-->[com.google.firebase:firebase-messaging:24.0.0] AndroidManifest.xml:37:13-39:40
245                android:name="com.google.android.gms.cloudmessaging.FINISHED_AFTER_HANDLED"
245-->[com.google.firebase:firebase-messaging:24.0.0] AndroidManifest.xml:38:17-92
246                android:value="true" />
246-->[com.google.firebase:firebase-messaging:24.0.0] AndroidManifest.xml:39:17-37
247        </receiver>
248        <!--
249             FirebaseMessagingService performs security checks at runtime,
250             but set to not exported to explicitly avoid allowing another app to call it.
251        -->
252        <service
252-->[com.google.firebase:firebase-messaging:24.0.0] AndroidManifest.xml:46:9-53:19
253            android:name="com.google.firebase.messaging.FirebaseMessagingService"
253-->[com.google.firebase:firebase-messaging:24.0.0] AndroidManifest.xml:47:13-82
254            android:directBootAware="true"
254-->[com.google.firebase:firebase-messaging:24.0.0] AndroidManifest.xml:48:13-43
255            android:exported="false" >
255-->[com.google.firebase:firebase-messaging:24.0.0] AndroidManifest.xml:49:13-37
256            <intent-filter android:priority="-500" >
256-->[com.google.firebase:firebase-messaging:24.0.0] AndroidManifest.xml:50:13-52:29
256-->[com.google.firebase:firebase-messaging:24.0.0] AndroidManifest.xml:50:28-51
257                <action android:name="com.google.firebase.MESSAGING_EVENT" />
257-->[com.google.firebase:firebase-messaging:24.0.0] AndroidManifest.xml:51:17-78
257-->[com.google.firebase:firebase-messaging:24.0.0] AndroidManifest.xml:51:25-75
258            </intent-filter>
259        </service>
260        <service
260-->[com.google.firebase:firebase-messaging:24.0.0] AndroidManifest.xml:54:9-63:19
261            android:name="com.google.firebase.components.ComponentDiscoveryService"
261-->[com.google.firebase:firebase-messaging:24.0.0] AndroidManifest.xml:55:13-84
262            android:directBootAware="true"
262-->[com.google.firebase:firebase-common:21.0.0] AndroidManifest.xml:32:13-43
263            android:exported="false" >
263-->[com.google.firebase:firebase-messaging:24.0.0] AndroidManifest.xml:56:13-37
264            <meta-data
264-->[com.google.firebase:firebase-messaging:24.0.0] AndroidManifest.xml:57:13-59:85
265                android:name="com.google.firebase.components:com.google.firebase.messaging.FirebaseMessagingKtxRegistrar"
265-->[com.google.firebase:firebase-messaging:24.0.0] AndroidManifest.xml:58:17-122
266                android:value="com.google.firebase.components.ComponentRegistrar" />
266-->[com.google.firebase:firebase-messaging:24.0.0] AndroidManifest.xml:59:17-82
267            <meta-data
267-->[com.google.firebase:firebase-messaging:24.0.0] AndroidManifest.xml:60:13-62:85
268                android:name="com.google.firebase.components:com.google.firebase.messaging.FirebaseMessagingRegistrar"
268-->[com.google.firebase:firebase-messaging:24.0.0] AndroidManifest.xml:61:17-119
269                android:value="com.google.firebase.components.ComponentRegistrar" />
269-->[com.google.firebase:firebase-messaging:24.0.0] AndroidManifest.xml:62:17-82
270            <meta-data
270-->[com.google.firebase:firebase-installations:17.2.0] AndroidManifest.xml:15:13-17:85
271                android:name="com.google.firebase.components:com.google.firebase.installations.FirebaseInstallationsKtxRegistrar"
271-->[com.google.firebase:firebase-installations:17.2.0] AndroidManifest.xml:16:17-130